# Robotics Files Migration - Batch 4 of 6
## Files 61-80 Migration Log

**Agent**: Robotics-Migration-4  
**Lead**: robotics-migration-lead  
**Swarm ID**: swarm-1763118177267  
**Batch**: 4 of 6 (Files 61-80 of 106 robotics files)  
**Migration Date**: 2025-11-14  

---

## Migration Summary

| Metric | Value |
|--------|-------|
| **Files to Migrate** | 20 |
| **Batch Range** | Files 61-80 |
| **Source Directory** | `/home/user/logseq/mainKnowledgeGraph/pages` |
| **Target Directory** | `/home/user/logseq/mainKnowledgeGraph/robotics-knowledge-graph/pages` |
| **Status** | In Progress |

---

## Files Scheduled for Migration

| # | Filename | Status |
|---|----------|--------|
| 61 | Rehabilitation Robot.md | Pending |
| 62 | Rescue Robot.md | Pending |
| 63 | Robot Accuracy.md | Pending |
| 64 | Robot Actuator.md | Pending |
| 65 | Robot Control.md | Pending |
| 66 | Robot Dynamics.md | Pending |
| 67 | Robot Encoder.md | Pending |
| 68 | Robot Joint.md | Pending |
| 69 | Robot Kinematics.md | Pending |
| 70 | Robot Link.md | Pending |
| 71 | Robot Motion Planning.md | Pending |
| 72 | Robot Path Planning.md | Pending |
| 73 | Robot Risk Assessment.md | Pending |
| 74 | Robot Safety.md | Pending |
| 75 | Robot Sensor.md | Pending |
| 76 | Robot Singularity.md | Pending |
| 77 | Robot Standard.md | Pending |
| 78 | Robot.md | Pending |
| 79 | RobotLearning.md | Pending |
| 80 | Robotics.md | Pending |

---

## Migration Execution Details

✅ File 61: Migrated 'Rehabilitation Robot.md'
✅ File 62: Migrated 'Rescue Robot.md'
✅ File 63: Migrated 'Robot Accuracy.md'
✅ File 64: Migrated 'Robot Actuator.md'
✅ File 65: Migrated 'Robot Control.md'
✅ File 66: Migrated 'Robot Dynamics.md'
✅ File 67: Migrated 'Robot Encoder.md'
✅ File 68: Migrated 'Robot Joint.md'
✅ File 69: Migrated 'Robot Kinematics.md'
✅ File 70: Migrated 'Robot Link.md'
✅ File 71: Migrated 'Robot Motion Planning.md'
✅ File 72: Migrated 'Robot Path Planning.md'
✅ File 73: Migrated 'Robot Risk Assessment.md'
✅ File 74: Migrated 'Robot Safety.md'
✅ File 75: Migrated 'Robot Sensor.md'
✅ File 76: Migrated 'Robot Singularity.md'
✅ File 77: Migrated 'Robot Standard.md'
✅ File 78: Migrated 'Robot.md'
✅ File 79: Migrated 'RobotLearning.md'
✅ File 80: Migrated 'Robotics.md'

---

## Migration Results

| Metric | Count |
|--------|-------|
| **Successfully Migrated** | 20 |
| **Failed/Skipped** | 0 |
| **Total Processed** | 20 |
| **Duration** | 1s |
| **Success Rate** | 100% |

### Timestamp
- **Start**: Fri Nov 14 11:09:39 UTC 2025
- **End**: Fri Nov 14 11:09:40 UTC 2025
- **Duration**: 1 seconds

---

## Target Directory Verification

### Files in Target Directory After Migration


total 199K
drwxr-xr-x 2 root root 4.0K Nov 14 11:09 .
drwxr-xr-x 5 root root 4.0K Nov 14 11:02 ..
-rw-r--r-- 1 root root 1.5K Nov 13 19:34 Rehabilitation Robot.md
-rw-r--r-- 1 root root 9.5K Nov 13 19:34 Rescue Robot.md
-rw-r--r-- 1 root root 9.0K Nov 13 19:34 Robot Accuracy.md
-rw-r--r-- 1 root root 1.3K Nov 13 19:34 Robot Actuator.md
-rw-r--r-- 1 root root 9.8K Nov 13 19:34 Robot Control.md
-rw-r--r-- 1 root root  16K Nov 13 19:34 Robot Dynamics.md
-rw-r--r-- 1 root root 8.8K Nov 13 19:34 Robot Encoder.md
-rw-r--r-- 1 root root 9.4K Nov 13 19:34 Robot Joint.md
-rw-r--r-- 1 root root 9.3K Nov 13 19:34 Robot Kinematics.md
-rw-r--r-- 1 root root  12K Nov 13 19:34 Robot Link.md
-rw-r--r-- 1 root root  13K Nov 13 19:34 Robot Motion Planning.md
-rw-r--r-- 1 root root  12K Nov 13 19:34 Robot Path Planning.md
-rw-r--r-- 1 root root 6.4K Nov 13 19:34 Robot Risk Assessment.md
-rw-r--r-- 1 root root  14K Nov 13 19:34 Robot Safety.md
-rw-r--r-- 1 root root 9.0K Nov 13 19:34 Robot Sensor.md
-rw-r--r-- 1 root root 7.0K Nov 13 19:34 Robot Singularity.md
-rw-r--r-- 1 root root 1.6K Nov 13 19:34 Robot Standard.md
-rw-r--r-- 1 root root  31K Nov 13 19:34 Robot.md
-rw-r--r-- 1 root root 7.9K Nov 13 19:34 RobotLearning.md
-rw-r--r-- 1 root root 1.8K Nov 12 19:46 Robotics.md

---

## Next Steps

- Verify all 20 files are present in target directory
- Update any internal links referencing moved files
- Run batch 5 of 6 when ready (files 81-106)

