ROBOTICS MIGRATION - BATCH 2 (Batch 2 of 6)
==========================================
Timestamp: 2025-11-14T13:00:00Z
Agent: Robotics-Migration-2
Swarm ID: swarm-1763118177267

MIGRATION SUMMARY
-----------------
Source Directory: mainKnowledgeGraph/pages/
Destination Directory: mainKnowledgeGraph/robotics-knowledge-graph/pages/
Files Migrated: 20 of 106 total robotics files
Status: COMPLETED

MIGRATED FILES (ALL VERIFIED RB-* TERM IDS)
-------------------------------------------
1. Environmental Standard.md (RB-0189)
2. Exoskeleton Robot.md (RB-0019)
3. Exteroceptive Sensor.md (RB-0156)
4. Fixed Impedance Control.md (RB-0152)
5. Fixed Wing Uav.md (RB-0125)
6. Force Torque Sensor.md (RB-0067)
7. Forward Kinematics.md (RB-0028)
8. Full Body Exoskeleton.md (RB-0141)
9. Functional Safety Standard.md (RB-0186)
10. Functional Safety.md (RB-0102)
11. Gps.md (RB-0074)
12. Ground Robot.md (RB-0110)
13. Gyroscope.md (RB-0081)
14. Hand Guiding.md (RB-0104)
15. Hexacopter.md (RB-0123)
16. Hexapod Robot.md (RB-0120)
17. Humanoid Robot.md (RB-0004)
18. Hybrid Force Position Control.md (RB-0150)
19. Hybrid Robot.md (RB-0109)
20. Hybrid Vtol Uav.md (RB-0126)

VERIFICATION RESULTS
-------------------
[✓] All 20 files contain valid RB-* term identifiers
[✓] Zero blockchain content detected (BC-, ethereum, cryptocurrency, distributed ledger)
[✓] All files successfully moved via git mv or git rm
[✓] Git index updated with rename operations
[✓] Files 21-40 migration completed

MIGRATION STATUS
---------------
Batch 1 Completed: 20 files (1-20)
Batch 2 Completed: 20 files (21-40)
Total Files Migrated: 40/106 (37.7%)

NEXT BATCH
---------
Batch 3 of 6: Files 41-60 pending migration
Estimated Remaining: 66 files

TECHNICAL DETAILS
-----------------
Migration Method: git mv with verification
- 18 files: Direct move (R status in git)
- 2 files: Already in destination, removed from source (D status)
Pre-move Verification: Confirmed all 20 files have RB-* term IDs
Post-move Verification: Zero blockchain content in any migrated files
Git Index: All operations recorded in staging area

COMMAND SUMMARY
---------------
All batch 2 files moved using:
git mv "mainKnowledgeGraph/pages/[filename]" "mainKnowledgeGraph/robotics-knowledge-graph/pages/[filename]"

Files already in destination handled with:
git rm "mainKnowledgeGraph/pages/[filename]"

