ROBOTICS MIGRATION - BATCH 1 (Batch 1 of 6)
==========================================
Timestamp: 2025-11-14T12:00:00Z
Agent: Robotics-Migration-1
Swarm ID: swarm-1763118177267

MIGRATION SUMMARY
-----------------
Source Directory: mainKnowledgeGraph/pages/
Destination Directory: mainKnowledgeGraph/robotics-knowledge-graph/pages/
Files Migrated: 20 of 106 total robotics files
Status: COMPLETED

MIGRATED FILES (ALL VERIFIED RB-* TERM IDS)
-------------------------------------------
1. Ac Servo Motor.md (RB-0171)
2. Acceleration.md (RB-0045)
3. Accelerometer.md (RB-0046)
4. Ackermann Robot.md (RB-0001)
5. Adaptive Control.md (RB-0102)
6. Admittance Control.md (RB-0103)
7. Aerial Robot.md (RB-0007)
8. Agricultural Robot.md (RB-0009)
9. Articulated Robot.md (RB-0013)
10. Autonomous Robot.md (RB-0016)
11. Auv.md (RB-0019)
12. Backlash.md (RB-0024)
13. Ball Screw Actuator.md (RB-0025)
14. Belt Driven Actuator.md (RB-0026)
15. Bipedal Robot.md (RB-0031)
16. Calibration Standard.md (RB-0037)
17. Camera.md (RB-0039)
18. Cartesian Robot.md (RB-0042)
19. Collaborative Operation.md (RB-0050)
20. Collaborative Robot.md (RB-0051)

VERIFICATION RESULTS
-------------------
[✓] All 20 files contain valid RB-* term identifiers
[✓] Zero blockchain content detected (BC-, ethereum, cryptocurrency, distributed ledger)
[✓] All files successfully moved via git mv
[✓] Git index updated with rename operations

NEXT BATCH
---------
Batch 2 of 6: Files 21-40 pending migration
Total Files Migrated: 20/106 (18.9%)

