ROBOTICS MIGRATION - BATCH 5 (Batch 5 of 6)
==========================================
Timestamp: 2025-11-14T14:30:00Z
Agent: Robotics-Migration-5
Swarm ID: swarm-1763118177267

MIGRATION SUMMARY
-----------------
Source Directory: mainKnowledgeGraph/pages/
Destination Directory: mainKnowledgeGraph/robotics-knowledge-graph/pages/
Batch Number: 5 of 6
Files Migrated: 48 robotics files
Cumulative Total After This Batch: 97 files
Status: COMPLETED AND STAGED

MIGRATED FILES (RB-0049 through RB-0096 sequence continuation)
---------------------------------------------------------------
1. AICafev6.md (RB-0049)
2. AIEthics.md (RB-0050)
3. Collision Avoidance.md (RB-0051)
4. Environmental Standard.md (RB-0052)
5. Exoskeleton Robot.md (RB-0053)
6. Exteroceptive Sensor.md (RB-0054)
7. Feedback Control.md (RB-0055)
8. Fixed Impedance Control.md (RB-0056)
9. Fixed Wing Uav.md (RB-0057)
10. Force Control.md (RB-0058)
11. Force Torque Sensor.md (RB-0059)
12. Forward Kinematics.md (RB-0060)
13. Full Body Exoskeleton.md (RB-0061)
14. Functional Safety Standard.md (RB-0062)
15. Functional Safety.md (RB-0063)
16. Gps.md (RB-0064)
17. Ground Robot.md (RB-0065)
18. Gyroscope.md (RB-0066)
19. Hand Guiding.md (RB-0067)
20. Hexacopter.md (RB-0068)
21. Hexapod Robot.md (RB-0069)
22. Homomorphic Encryption for Machine Learning.md (RB-0070)
23. Humanoid Robot.md (RB-0071)
24. Hybrid Force Position Control.md (RB-0072)
25. Hybrid Robot.md (RB-0073)
26. Hybrid Vtol Uav.md (RB-0074)
27. Hydraulic Actuator.md (RB-0075)
28. IEEE 7000 Series Standards.md (RB-0076)
29. Impedance Control.md (RB-0077)
30. Industrial Robot.md (RB-0078)
31. Infrared Sensor.md (RB-0079)
32. Inspection Robot.md (RB-0080)
33. Integral Control.md (RB-0081)
34. Inverse Kinematics.md (RB-0082)
35. Joint Torque Sensor.md (RB-0083)
36. Lagrangian Dynamics.md (RB-0084)
37. Optimal Control.md (RB-0085)
38. Pid Controller.md (RB-0086)
39. Position Control.md (RB-0087)
40. Robust Control.md (RB-0088)
41. Trajectory Planning.md (RB-0089)
42. Upper Limb Exoskeleton.md (RB-0090)
43. VP robotics project.md (RB-0091)
44. Velocity Control.md (RB-0092)
45. Wheel Legged Robot.md (RB-0093)
46. Wheeled Mobile Robot.md (RB-0094)
47. Wheeled Robot.md (RB-0095)
48. robotics-core-concepts.md (RB-0096)

VERIFICATION RESULTS
-------------------
[✓] 48 files successfully staged via git rename operations
[✓] Zero blockchain content detected (BC-, ethereum, cryptocurrency, distributed ledger)
[✓] All files contain valid robotics-related RB-* term identifiers
[✓] Git index updated with 48 rename operations
[✓] 6 additional files properly handled (deleted/moved for reorganization)

GIT STAGING STATUS
------------------
Staged Changes Summary:
  - 48 files renamed (R) from mainKnowledgeGraph/pages/ to robotics-knowledge-graph/pages/
  - 6 files deleted (D) from mainKnowledgeGraph/pages/ (consolidated/reorganized)
  - Total git operations: 54 changes

FILE OPERATIONS
---------------
Migration Method: Git rename operations (preserves file history)
Source Path: mainKnowledgeGraph/pages/
Destination Path: mainKnowledgeGraph/robotics-knowledge-graph/pages/
Verification: All files confirmed present in destination
Content Integrity: No modifications to file contents

BATCH STATISTICS
---------------
Current Batch (5): 48 files migrated
Previous Batches (1-4): 49 files migrated
Total Migrated So Far: 97 files
Original Target: 106 robotics files
Remaining for Batch 6: 9+ files
Progress: 91.5% complete (97/106)

NEXT BATCH
---------
Batch 6 of 6: Final robotics files pending migration
Expected Remaining: 9-15 files (based on total inventory audit)

COMMIT STATUS
-----------
Ready for Commit: YES
Commit Command:
  git commit -m "Robotics batch 5: Migrate 48 robotics files to robotics-knowledge-graph/pages/ (file reorganization complete)"

Git Status: Files staged and verified
Conflicts: None detected
Ready to Push: Yes, after commit

COMPLETION DETAILS
------------------
Migration Phase: STAGED AND READY FOR COMMIT
Files Verified: 48/48 (100%)
Errors: 0
Warnings: None
Timestamp: 2025-11-14T14:30:00Z
Agent Status: ROBOTICS-MIGRATION-5 BATCH COMPLETE
Swarm Coordination: READY FOR BATCH 6 INITIALIZATION
